# JRE version: OpenJDK Runtime Environment (8.0_152-b01) (build 1.8.0_152-release-1343-b01)
# Java VM: OpenJDK 64-Bit Server VM (25.152-b01 mixed mode windows-amd64 compressed oops)
Heap:
 PSYoungGen      total 368640K, used 289568K [0x00000000e0000000, 0x0000000100000000, 0x0000000100000000)
  eden space 219136K, 90% used [0x00000000e0000000,0x00000000ec0c98a8,0x00000000ed600000)
  from space 149504K, 61% used [0x00000000f6700000,0x00000000fc0fe880,0x00000000ff900000)
  to   space 148480K, 0% used [0x00000000ed600000,0x00000000ed600000,0x00000000f6700000)
 ParOldGen       total 244736K, used 104886K [0x00000000a0000000, 0x00000000aef00000, 0x00000000e0000000)
  object space 244736K, 42% used [0x00000000a0000000,0x00000000a666d878,0x00000000aef00000)
 Metaspace       used 225748K, capacity 240717K, committed 240832K, reserved 1259520K
  class space    used 28476K, capacity 30911K, committed 30952K, reserved 1048576K
GC Heap History (10 events):
Event: 7021.403 GC heap before
{Heap before GC invocations=47 (full 5):
 PSYoungGen      total 349184K, used 348866K [0x00000000e0000000, 0x0000000100000000, 0x0000000100000000)
  eden space 249856K, 100% used [0x00000000e0000000,0x00000000ef400000,0x00000000ef400000)
  from space 99328K, 99% used [0x00000000ef400000,0x00000000f54b0a98,0x00000000f5500000)
  to   space 143872K, 0% used [0x00000000f7380000,0x00000000f7380000,0x0000000100000000)
 ParOldGen       total 244736K, used 97415K [0x00000000a0000000, 0x00000000aef00000, 0x00000000e0000000)
  object space 244736K, 39% used [0x00000000a0000000,0x00000000a5f21d70,0x00000000aef00000)
 Metaspace       used 222215K, capacity 236851K, committed 236992K, reserved 1255424K
  class space    used 28079K, capacity 30432K, committed 30440K, reserved 1048576K
Event: 7021.587 GC heap after
Heap after GC invocations=47 (full 5):
 PSYoungGen      total 371200K, used 98269K [0x00000000e0000000, 0x0000000100000000, 0x0000000100000000)
  eden space 227328K, 0% used [0x00000000e0000000,0x00000000e0000000,0x00000000ede00000)
  from space 143872K, 68% used [0x00000000f7380000,0x00000000fd377700,0x0000000100000000)
  to   space 148480K, 0% used [0x00000000ede00000,0x00000000ede00000,0x00000000f6f00000)
 ParOldGen       total 244736K, used 97423K [0x00000000a0000000, 0x00000000aef00000, 0x00000000e0000000)
  object space 244736K, 39% used [0x00000000a0000000,0x00000000a5f23d70,0x00000000aef00000)
 Metaspace       used 222215K, capacity 236851K, committed 236992K, reserved 1255424K
  class space    used 28079K, capacity 30432K, committed 30440K, reserved 1048576K
}
Event: 7115.308 GC heap before
{Heap before GC invocations=48 (full 5):
 PSYoungGen      total 371200K, used 325340K [0x00000000e0000000, 0x0000000100000000, 0x0000000100000000)
  eden space 227328K, 99% used [0x00000000e0000000,0x00000000eddbfac8,0x00000000ede00000)
  from space 143872K, 68% used [0x00000000f7380000,0x00000000fd377700,0x0000000100000000)
  to   space 148480K, 0% used [0x00000000ede00000,0x00000000ede00000,0x00000000f6f00000)
 ParOldGen       total 244736K, used 97423K [0x00000000a0000000, 0x00000000aef00000, 0x00000000e0000000)
  object space 244736K, 39% used [0x00000000a0000000,0x00000000a5f23d70,0x00000000aef00000)
 Metaspace       used 224585K, capacity 239377K, committed 239680K, reserved 1257472K
  class space    used 28316K, capacity 30715K, committed 30824K, reserved 1048576K
Event: 7115.375 GC heap after
Heap after GC invocations=48 (full 5):
 PSYoungGen      total 332800K, used 105018K [0x00000000e0000000, 0x0000000100000000, 0x0000000100000000)
  eden space 227328K, 0% used [0x00000000e0000000,0x00000000e0000000,0x00000000ede00000)
  from space 105472K, 99% used [0x00000000ede00000,0x00000000f448e980,0x00000000f4500000)
  to   space 154112K, 0% used [0x00000000f6980000,0x00000000f6980000,0x0000000100000000)
 ParOldGen       total 244736K, used 101745K [0x00000000a0000000, 0x00000000aef00000, 0x00000000e0000000)
  object space 244736K, 41% used [0x00000000a0000000,0x00000000a635c688,0x00000000aef00000)
 Metaspace       used 224585K, capacity 239377K, committed 239680K, reserved 1257472K
  class space    used 28316K, capacity 30715K, committed 30824K, reserved 1048576K
}
Event: 7161.409 GC heap before
{Heap before GC invocations=49 (full 5):
 PSYoungGen      total 332800K, used 332346K [0x00000000e0000000, 0x0000000100000000, 0x0000000100000000)
  eden space 227328K, 100% used [0x00000000e0000000,0x00000000ede00000,0x00000000ede00000)
  from space 105472K, 99% used [0x00000000ede00000,0x00000000f448e980,0x00000000f4500000)
  to   space 154112K, 0% used [0x00000000f6980000,0x00000000f6980000,0x0000000100000000)
 ParOldGen       total 244736K, used 101745K [0x00000000a0000000, 0x00000000aef00000, 0x00000000e0000000)
  object space 244736K, 41% used [0x00000000a0000000,0x00000000a635c688,0x00000000aef00000)
 Metaspace       used 224805K, capacity 239579K, committed 239936K, reserved 1259520K
  class space    used 28326K, capacity 30716K, committed 30824K, reserved 1048576K
Event: 7161.471 GC heap after
Heap after GC invocations=49 (full 5):
 PSYoungGen      total 372224K, used 88084K [0x00000000e0000000, 0x0000000100000000, 0x0000000100000000)
  eden space 218112K, 0% used [0x00000000e0000000,0x00000000e0000000,0x00000000ed500000)
  from space 154112K, 57% used [0x00000000f6980000,0x00000000fbf85390,0x0000000100000000)
  to   space 152064K, 0% used [0x00000000ed500000,0x00000000ed500000,0x00000000f6980000)
 ParOldGen       total 244736K, used 103221K [0x00000000a0000000, 0x00000000aef00000, 0x00000000e0000000)
  object space 244736K, 42% used [0x00000000a0000000,0x00000000a64cd6a8,0x00000000aef00000)
 Metaspace       used 224805K, capacity 239579K, committed 239936K, reserved 1259520K
  class space    used 28326K, capacity 30716K, committed 30824K, reserved 1048576K
}
Event: 7170.927 GC heap before
{Heap before GC invocations=50 (full 5):
 PSYoungGen      total 372224K, used 306196K [0x00000000e0000000, 0x0000000100000000, 0x0000000100000000)
  eden space 218112K, 100% used [0x00000000e0000000,0x00000000ed500000,0x00000000ed500000)
  from space 154112K, 57% used [0x00000000f6980000,0x00000000fbf85390,0x0000000100000000)
  to   space 152064K, 0% used [0x00000000ed500000,0x00000000ed500000,0x00000000f6980000)
 ParOldGen       total 244736K, used 103221K [0x00000000a0000000, 0x00000000aef00000, 0x00000000e0000000)
  object space 244736K, 42% used [0x00000000a0000000,0x00000000a64cd6a8,0x00000000aef00000)
 Metaspace       used 224998K, capacity 239795K, committed 239936K, reserved 1259520K
  class space    used 28372K, capacity 30784K, committed 30824K, reserved 1048576K
Event: 7171.014 GC heap after
Heap after GC invocations=50 (full 5):
 PSYoungGen      total 305152K, used 86950K [0x00000000e0000000, 0x00000000ff900000, 0x0000000100000000)
  eden space 218112K, 0% used [0x00000000e0000000,0x00000000e0000000,0x00000000ed500000)
  from space 87040K, 99% used [0x00000000ed500000,0x00000000f29e9bc8,0x00000000f2a00000)
  to   space 149504K, 0% used [0x00000000f6700000,0x00000000f6700000,0x00000000ff900000)
 ParOldGen       total 244736K, used 103933K [0x00000000a0000000, 0x00000000aef00000, 0x00000000e0000000)
  object space 244736K, 42% used [0x00000000a0000000,0x00000000a657f718,0x00000000aef00000)
 Metaspace       used 224998K, capacity 239795K, committed 239936K, reserved 1259520K
  class space    used 28372K, capacity 30784K, committed 30824K, reserved 1048576K
}
Event: 7173.706 GC heap before
{Heap before GC invocations=51 (full 5):
 PSYoungGen      total 305152K, used 305062K [0x00000000e0000000, 0x00000000ff900000, 0x0000000100000000)
  eden space 218112K, 100% used [0x00000000e0000000,0x00000000ed500000,0x00000000ed500000)
  from space 87040K, 99% used [0x00000000ed500000,0x00000000f29e9bc8,0x00000000f2a00000)
  to   space 149504K, 0% used [0x00000000f6700000,0x00000000f6700000,0x00000000ff900000)
 ParOldGen       total 244736K, used 103933K [0x00000000a0000000, 0x00000000aef00000, 0x00000000e0000000)
  object space 244736K, 42% used [0x00000000a0000000,0x00000000a657f718,0x00000000aef00000)
 Metaspace       used 225664K, capacity 240603K, committed 240832K, reserved 1259520K
  class space    used 28466K, capacity 30900K, committed 30952K, reserved 1048576K
Event: 7173.775 GC heap after
Heap after GC invocations=51 (full 5):
 PSYoungGen      total 368640K, used 92154K [0x00000000e0000000, 0x0000000100000000, 0x0000000100000000)
  eden space 219136K, 0% used [0x00000000e0000000,0x00000000e0000000,0x00000000ed600000)
  from space 149504K, 61% used [0x00000000f6700000,0x00000000fc0fe880,0x00000000ff900000)
  to   space 148480K, 0% used [0x00000000ed600000,0x00000000ed600000,0x00000000f6700000)
 ParOldGen       total 244736K, used 104886K [0x00000000a0000000, 0x00000000aef00000, 0x00000000e0000000)
  object space 244736K, 42% used [0x00000000a0000000,0x00000000a666d878,0x00000000aef00000)
 Metaspace       used 225664K, capacity 240603K, committed 240832K, reserved 1259520K
  class space    used 28466K, capacity 30900K, committed 30952K, reserved 1048576K
}

